start: s
accept: ac
reject: rj
blank: _

s 1 -> s 1 >
s 0 -> s 0 >
s _ -> n _ <

n 0 -> zero * >
n 1 -> one # >
n * -> n * <
n # -> n # <
n $ -> n $ <
n ! -> n ! <
n _ -> f _ >

zero * -> zero * >
zero # -> zero # >
zero ! -> zero ! >
zero $ -> zero $ >
zero 0 -> zero 0 >
zero 1 -> zero 1 >
zero _ -> n ! <

one * -> one * >
one # -> one # >
one ! -> one ! >
one $ -> one $ >
one 0 -> one 0 >
one 1 -> one 1 >
one _ -> n $ <

f * -> f _ >
f # -> f _ >
f $ -> f 1 >
f ! -> f 0 >
f _ -> k _ <

k 0 -> k 0 <
k 1 -> k 1 <
k _ -> ac _ >


